{"level":"info","message":"Database connection successful.....","timestamp":"2025-07-09T05:01:19.076Z"}
{"level":"info","message":"Account login successfully","timestamp":"2025-07-09T05:15:11.463Z"}
{"level":"info","message":"Get plans successfully","timestamp":"2025-07-09T05:15:11.827Z"}
{"level":"info","message":"Get purchases successfully","timestamp":"2025-07-09T05:15:12.093Z"}
{"level":"info","message":"Get purchases successfully","timestamp":"2025-07-09T05:16:03.515Z"}
{"level":"info","message":"Get plans successfully","timestamp":"2025-07-09T05:17:46.494Z"}
{"level":"info","message":"Get purchases successfully","timestamp":"2025-07-09T05:17:46.715Z"}
{"level":"info","message":"Get purchases successfully","timestamp":"2025-07-09T05:17:53.491Z"}
{"level":"info","message":"Database connection successful.....","timestamp":"2025-07-09T05:33:32.708Z"}
{"level":"info","message":"Payment executed successfully","timestamp":"2025-07-09T06:09:43.000Z"}
{"level":"info","message":"Get plans successfully","timestamp":"2025-07-09T06:09:46.862Z"}
{"level":"info","message":"Get purchases successfully","timestamp":"2025-07-09T06:09:47.111Z"}
{"level":"info","message":"Get plans successfully","timestamp":"2025-07-09T07:16:33.898Z"}
{"level":"info","message":"Get purchases successfully","timestamp":"2025-07-09T07:16:34.297Z"}
{"level":"info","message":"Account login successfully","timestamp":"2025-07-09T07:16:50.297Z"}
{"level":"info","message":"Get plans successfully","timestamp":"2025-07-09T07:16:50.592Z"}
{"level":"info","message":"Get purchases successfully","timestamp":"2025-07-09T07:16:51.967Z"}
{"level":"info","message":"Get purchases successfully","timestamp":"2025-07-09T07:17:03.510Z"}
{"level":"info","message":"Payment executed successfully","timestamp":"2025-07-09T07:17:36.172Z"}
{"level":"info","message":"Get plans successfully","timestamp":"2025-07-09T07:18:47.810Z"}
{"level":"info","message":"Get purchases successfully","timestamp":"2025-07-09T07:18:48.054Z"}
{"level":"info","message":"Get plans successfully","timestamp":"2025-07-09T07:19:09.378Z"}
{"level":"info","message":"Get purchases successfully","timestamp":"2025-07-09T07:19:09.613Z"}
{"level":"info","message":"Get plans successfully","timestamp":"2025-07-09T07:32:52.514Z"}
{"level":"info","message":"Get purchases successfully","timestamp":"2025-07-09T07:32:52.873Z"}
{"level":"info","message":"Database disconnected","timestamp":"2025-07-09T08:42:11.051Z"}
{"level":"info","message":"Get plans successfully","timestamp":"2025-07-09T08:46:39.757Z"}
{"level":"info","message":"Get purchases successfully","timestamp":"2025-07-09T08:46:40.068Z"}
{"level":"info","message":"Database connection successful.....","timestamp":"2025-07-09T09:08:30.822Z"}
{"level":"info","message":"Database connection successful.....","timestamp":"2025-07-09T09:22:07.913Z"}
{"level":"info","message":"Database connection successful.....","timestamp":"2025-07-09T09:22:20.638Z"}
{"level":"info","message":"Database connection successful.....","timestamp":"2025-07-09T09:28:16.384Z"}
{"level":"info","message":"Database connection successful.....","timestamp":"2025-07-09T09:28:38.414Z"}
{"level":"info","message":"Database connection successful.....","timestamp":"2025-07-09T09:32:54.330Z"}
{"level":"info","message":"Database connection successful.....","timestamp":"2025-07-09T09:33:15.928Z"}
{"level":"info","message":"IP ::1 attempt count: 1","timestamp":"2025-07-09T09:34:06.839Z"}
{"level":"info","message":"IP ::1 attempt count: 2","timestamp":"2025-07-09T09:34:10.054Z"}
{"level":"info","message":"IP ::1 attempt count: 3","timestamp":"2025-07-09T09:34:13.918Z"}
{"level":"info","message":"IP ::1 attempt count: 4","timestamp":"2025-07-09T09:34:16.105Z"}
{"level":"info","message":"IP ::1 attempt count: 4","timestamp":"2025-07-09T09:34:18.212Z"}
{"level":"info","message":"IP ::1 attempt count: 4","timestamp":"2025-07-09T09:34:20.397Z"}
{"level":"info","message":"IP ::1 attempt count: 5","timestamp":"2025-07-09T09:34:22.329Z"}
{"level":"info","message":"IP ::1 attempt count: 5","timestamp":"2025-07-09T09:34:25.231Z"}
{"level":"warn","message":"IP ::1 blocked due to suspected fraud.","timestamp":"2025-07-09T09:34:25.964Z"}
{"level":"info","message":"IP ::1 attempt count: 5","timestamp":"2025-07-09T09:34:26.526Z"}
{"level":"warn","message":"IP ::1 blocked due to suspected fraud.","timestamp":"2025-07-09T09:34:26.881Z"}
{"level":"warn","message":"IP ::1 blocked due to suspected fraud.","timestamp":"2025-07-09T09:34:27.215Z"}
{"level":"warn","message":"IP ::1 blocked due to suspected fraud.","timestamp":"2025-07-09T09:34:27.458Z"}
{"level":"warn","message":"IP ::1 blocked due to suspected fraud.","timestamp":"2025-07-09T09:34:27.771Z"}
{"level":"warn","message":"IP ::1 blocked due to suspected fraud.","timestamp":"2025-07-09T09:34:28.080Z"}
{"level":"info","message":"IP ::1 attempt count: 5","timestamp":"2025-07-09T09:34:28.333Z"}
{"level":"warn","message":"IP ::1 blocked due to suspected fraud.","timestamp":"2025-07-09T09:34:28.523Z"}
{"level":"warn","message":"IP ::1 blocked due to suspected fraud.","timestamp":"2025-07-09T09:34:28.862Z"}
{"level":"warn","message":"IP ::1 blocked due to suspected fraud.","timestamp":"2025-07-09T09:34:29.092Z"}
{"level":"warn","message":"IP ::1 blocked due to suspected fraud.","timestamp":"2025-07-09T09:34:29.497Z"}
{"level":"warn","message":"IP ::1 blocked due to suspected fraud.","timestamp":"2025-07-09T09:34:29.765Z"}
{"level":"warn","message":"IP ::1 blocked due to suspected fraud.","timestamp":"2025-07-09T09:34:30.190Z"}
{"level":"info","message":"IP ::1 attempt count: 5","timestamp":"2025-07-09T09:34:30.458Z"}
{"level":"warn","message":"IP ::1 blocked due to suspected fraud.","timestamp":"2025-07-09T09:34:30.762Z"}
{"level":"warn","message":"IP ::1 blocked due to suspected fraud.","timestamp":"2025-07-09T09:34:31.010Z"}
{"level":"warn","message":"IP ::1 blocked due to suspected fraud.","timestamp":"2025-07-09T09:34:31.198Z"}
{"level":"warn","message":"IP ::1 blocked due to suspected fraud.","timestamp":"2025-07-09T09:34:31.481Z"}
{"level":"info","message":"IP ::1 attempt count: 1","timestamp":"2025-07-09T09:34:51.653Z"}
{"level":"info","message":"Database connection successful.....","timestamp":"2025-07-09T09:36:07.761Z"}
{"level":"info","message":"Database connection successful.....","timestamp":"2025-07-09T09:57:54.703Z"}
{"level":"info","message":"Database connection successful.....","timestamp":"2025-07-09T09:58:03.259Z"}
{"level":"info","message":"Database connection successful.....","timestamp":"2025-07-09T09:59:07.796Z"}
{"level":"info","message":"Database connection successful.....","timestamp":"2025-07-09T09:59:21.461Z"}
{"level":"info","message":"Database connection successful.....","timestamp":"2025-07-09T10:00:12.392Z"}
{"level":"info","message":"Database connection successful.....","timestamp":"2025-07-09T10:00:20.476Z"}
{"date":"Wed Jul 09 2025 15:34:21 GMT+0530 (India Standard Time)","error":{},"exception":true,"level":"error","message":"uncaughtException: SubscriptionRoutes is not defined\nReferenceError: SubscriptionRoutes is not defined\n    at file:///D:/CT_Intern/tap2pay/paypal-server/src/Routes/Index.js:13:44\n    at ModuleJob.run (node:internal/modules/esm/module_job:234:25)\n    at async ModuleLoader.import (node:internal/modules/esm/loader:473:24)\n    at async asyncRunEntryPointWithESMLoader (node:internal/modules/run_main:122:5)","os":{"loadavg":[0,0,0],"uptime":710111.75},"process":{"argv":["C:\\Program Files\\nodejs\\node.exe","D:\\CT_Intern\\tap2pay\\paypal-server\\src\\index.js"],"cwd":"D:\\CT_Intern\\tap2pay\\paypal-server","execPath":"C:\\Program Files\\nodejs\\node.exe","gid":null,"memoryUsage":{"arrayBuffers":18263495,"external":20822928,"heapTotal":55406592,"heapUsed":27517872,"rss":76627968},"pid":13916,"uid":null,"version":"v20.18.1"},"stack":"ReferenceError: SubscriptionRoutes is not defined\n    at file:///D:/CT_Intern/tap2pay/paypal-server/src/Routes/Index.js:13:44\n    at ModuleJob.run (node:internal/modules/esm/module_job:234:25)\n    at async ModuleLoader.import (node:internal/modules/esm/loader:473:24)\n    at async asyncRunEntryPointWithESMLoader (node:internal/modules/run_main:122:5)","timestamp":"2025-07-09T10:04:21.697Z","trace":[{"column":44,"file":"file:///D:/CT_Intern/tap2pay/paypal-server/src/Routes/Index.js","function":null,"line":13,"method":null,"native":false},{"column":25,"file":"node:internal/modules/esm/module_job","function":"ModuleJob.run","line":234,"method":"run","native":false},{"column":24,"file":"node:internal/modules/esm/loader","function":"async ModuleLoader.import","line":473,"method":"import","native":false},{"column":5,"file":"node:internal/modules/run_main","function":"async asyncRunEntryPointWithESMLoader","line":122,"method":null,"native":false}]}
{"date":"Wed Jul 09 2025 15:34:21 GMT+0530 (India Standard Time)","error":{},"exception":true,"level":"error","message":"uncaughtException: SubscriptionRoutes is not defined\nReferenceError: SubscriptionRoutes is not defined\n    at file:///D:/CT_Intern/tap2pay/paypal-server/src/Routes/Index.js:13:44\n    at ModuleJob.run (node:internal/modules/esm/module_job:234:25)\n    at async ModuleLoader.import (node:internal/modules/esm/loader:473:24)\n    at async asyncRunEntryPointWithESMLoader (node:internal/modules/run_main:122:5)","os":{"loadavg":[0,0,0],"uptime":710111.75},"process":{"argv":["C:\\Program Files\\nodejs\\node.exe","D:\\CT_Intern\\tap2pay\\paypal-server\\src\\index.js"],"cwd":"D:\\CT_Intern\\tap2pay\\paypal-server","execPath":"C:\\Program Files\\nodejs\\node.exe","gid":null,"memoryUsage":{"arrayBuffers":18263495,"external":20822928,"heapTotal":55406592,"heapUsed":27517872,"rss":76627968},"pid":13916,"uid":null,"version":"v20.18.1"},"stack":"ReferenceError: SubscriptionRoutes is not defined\n    at file:///D:/CT_Intern/tap2pay/paypal-server/src/Routes/Index.js:13:44\n    at ModuleJob.run (node:internal/modules/esm/module_job:234:25)\n    at async ModuleLoader.import (node:internal/modules/esm/loader:473:24)\n    at async asyncRunEntryPointWithESMLoader (node:internal/modules/run_main:122:5)","trace":[{"column":44,"file":"file:///D:/CT_Intern/tap2pay/paypal-server/src/Routes/Index.js","function":null,"line":13,"method":null,"native":false},{"column":25,"file":"node:internal/modules/esm/module_job","function":"ModuleJob.run","line":234,"method":"run","native":false},{"column":24,"file":"node:internal/modules/esm/loader","function":"async ModuleLoader.import","line":473,"method":"import","native":false},{"column":5,"file":"node:internal/modules/run_main","function":"async asyncRunEntryPointWithESMLoader","line":122,"method":null,"native":false}]}
{"level":"info","message":"Database connection successful.....","timestamp":"2025-07-09T10:04:23.895Z"}
{"level":"info","message":"IP ::1 attempt count: 1","timestamp":"2025-07-09T10:05:51.554Z"}
{"level":"info","message":"IP ::1 attempt count: 1","timestamp":"2025-07-09T10:21:58.695Z"}
{"level":"info","message":"Get plans successfully","timestamp":"2025-07-09T10:21:58.716Z"}
{"level":"info","message":"IP ::1 attempt count: 2","timestamp":"2025-07-09T10:22:02.602Z"}
{"level":"info","message":"Get plans successfully","timestamp":"2025-07-09T10:22:02.613Z"}
{"level":"info","message":"IP ::1 attempt count: 3","timestamp":"2025-07-09T10:22:19.148Z"}
{"level":"info","message":"IP ::1 attempt count: 4","timestamp":"2025-07-09T10:22:19.187Z"}
{"level":"info","message":"Get plans successfully","timestamp":"2025-07-09T10:22:19.226Z"}
{"level":"info","message":"Get purchases successfully","timestamp":"2025-07-09T10:22:19.243Z"}
{"level":"info","message":"IP ::1 attempt count: 5","timestamp":"2025-07-09T10:25:28.674Z"}
{"level":"warn","message":"IP ::1 blocked due to suspected fraud.","timestamp":"2025-07-09T10:25:28.688Z"}
{"level":"info","message":"Get purchases successfully","timestamp":"2025-07-09T10:25:28.707Z"}
{"level":"warn","message":"IP ::1 blocked due to suspected fraud.","timestamp":"2025-07-09T10:25:46.576Z"}
{"level":"warn","message":"IP ::1 blocked due to suspected fraud.","timestamp":"2025-07-09T10:25:46.615Z"}
{"level":"warn","message":"IP ::1 blocked due to suspected fraud.","timestamp":"2025-07-09T10:25:54.022Z"}
{"level":"warn","message":"IP ::1 blocked due to suspected fraud.","timestamp":"2025-07-09T10:26:01.054Z"}
{"level":"warn","message":"IP ::1 blocked due to suspected fraud.","timestamp":"2025-07-09T10:26:12.214Z"}
{"level":"warn","message":"IP ::1 blocked due to suspected fraud.","timestamp":"2025-07-09T10:26:17.237Z"}
{"level":"warn","message":"IP ::1 blocked due to suspected fraud.","timestamp":"2025-07-09T10:26:17.246Z"}
{"level":"warn","message":"IP ::1 blocked due to suspected fraud.","timestamp":"2025-07-09T10:26:23.466Z"}
{"level":"warn","message":"IP ::1 blocked due to suspected fraud.","timestamp":"2025-07-09T10:26:23.471Z"}
{"level":"info","message":"Database connection successful.....","timestamp":"2025-07-09T10:26:50.515Z"}
{"level":"info","message":"Database connection successful.....","timestamp":"2025-07-09T10:27:29.351Z"}
{"level":"info","message":"Get plans successfully","timestamp":"2025-07-09T10:27:40.152Z"}
{"level":"info","message":"Get purchases successfully","timestamp":"2025-07-09T10:27:40.177Z"}
{"level":"info","message":"Database connection successful.....","timestamp":"2025-07-09T10:30:01.236Z"}
{"date":"Wed Jul 09 2025 16:13:46 GMT+0530 (India Standard Time)","error":{},"exception":true,"level":"error","message":"uncaughtException: userId is not defined\nReferenceError: userId is not defined\n    at file:///D:/CT_Intern/tap2pay/paypal-server/src/Model/Subscription.js:4:3\n    at ModuleJob.run (node:internal/modules/esm/module_job:234:25)\n    at async ModuleLoader.import (node:internal/modules/esm/loader:473:24)\n    at async asyncRunEntryPointWithESMLoader (node:internal/modules/run_main:122:5)","os":{"loadavg":[0,0,0],"uptime":712476.89},"process":{"argv":["C:\\Program Files\\nodejs\\node.exe","D:\\CT_Intern\\tap2pay\\paypal-server\\src\\index.js"],"cwd":"D:\\CT_Intern\\tap2pay\\paypal-server","execPath":"C:\\Program Files\\nodejs\\node.exe","gid":null,"memoryUsage":{"arrayBuffers":18263495,"external":20822928,"heapTotal":39153664,"heapUsed":25734336,"rss":78790656},"pid":25748,"uid":null,"version":"v20.18.1"},"stack":"ReferenceError: userId is not defined\n    at file:///D:/CT_Intern/tap2pay/paypal-server/src/Model/Subscription.js:4:3\n    at ModuleJob.run (node:internal/modules/esm/module_job:234:25)\n    at async ModuleLoader.import (node:internal/modules/esm/loader:473:24)\n    at async asyncRunEntryPointWithESMLoader (node:internal/modules/run_main:122:5)","timestamp":"2025-07-09T10:43:46.825Z","trace":[{"column":3,"file":"file:///D:/CT_Intern/tap2pay/paypal-server/src/Model/Subscription.js","function":null,"line":4,"method":null,"native":false},{"column":25,"file":"node:internal/modules/esm/module_job","function":"ModuleJob.run","line":234,"method":"run","native":false},{"column":24,"file":"node:internal/modules/esm/loader","function":"async ModuleLoader.import","line":473,"method":"import","native":false},{"column":5,"file":"node:internal/modules/run_main","function":"async asyncRunEntryPointWithESMLoader","line":122,"method":null,"native":false}]}
{"date":"Wed Jul 09 2025 16:13:46 GMT+0530 (India Standard Time)","error":{},"exception":true,"level":"error","message":"uncaughtException: userId is not defined\nReferenceError: userId is not defined\n    at file:///D:/CT_Intern/tap2pay/paypal-server/src/Model/Subscription.js:4:3\n    at ModuleJob.run (node:internal/modules/esm/module_job:234:25)\n    at async ModuleLoader.import (node:internal/modules/esm/loader:473:24)\n    at async asyncRunEntryPointWithESMLoader (node:internal/modules/run_main:122:5)","os":{"loadavg":[0,0,0],"uptime":712476.89},"process":{"argv":["C:\\Program Files\\nodejs\\node.exe","D:\\CT_Intern\\tap2pay\\paypal-server\\src\\index.js"],"cwd":"D:\\CT_Intern\\tap2pay\\paypal-server","execPath":"C:\\Program Files\\nodejs\\node.exe","gid":null,"memoryUsage":{"arrayBuffers":18263495,"external":20822928,"heapTotal":39153664,"heapUsed":25734336,"rss":78790656},"pid":25748,"uid":null,"version":"v20.18.1"},"stack":"ReferenceError: userId is not defined\n    at file:///D:/CT_Intern/tap2pay/paypal-server/src/Model/Subscription.js:4:3\n    at ModuleJob.run (node:internal/modules/esm/module_job:234:25)\n    at async ModuleLoader.import (node:internal/modules/esm/loader:473:24)\n    at async asyncRunEntryPointWithESMLoader (node:internal/modules/run_main:122:5)","trace":[{"column":3,"file":"file:///D:/CT_Intern/tap2pay/paypal-server/src/Model/Subscription.js","function":null,"line":4,"method":null,"native":false},{"column":25,"file":"node:internal/modules/esm/module_job","function":"ModuleJob.run","line":234,"method":"run","native":false},{"column":24,"file":"node:internal/modules/esm/loader","function":"async ModuleLoader.import","line":473,"method":"import","native":false},{"column":5,"file":"node:internal/modules/run_main","function":"async asyncRunEntryPointWithESMLoader","line":122,"method":null,"native":false}]}
{"level":"info","message":"Database connection successful.....","timestamp":"2025-07-09T10:45:23.633Z"}
{"date":"Wed Jul 09 2025 16:33:09 GMT+0530 (India Standard Time)","error":{},"exception":true,"level":"error","message":"uncaughtException: Missing parameter name at 1: https://git.new/pathToRegexpError\nTypeError: Missing parameter name at 1: https://git.new/pathToRegexpError\n    at name (D:\\CT_Intern\\tap2pay\\paypal-server\\node_modules\\path-to-regexp\\dist\\index.js:73:19)\n    at lexer (D:\\CT_Intern\\tap2pay\\paypal-server\\node_modules\\path-to-regexp\\dist\\index.js:91:27)\n    at lexer.next (<anonymous>)\n    at Iter.peek (D:\\CT_Intern\\tap2pay\\paypal-server\\node_modules\\path-to-regexp\\dist\\index.js:106:38)\n    at Iter.tryConsume (D:\\CT_Intern\\tap2pay\\paypal-server\\node_modules\\path-to-regexp\\dist\\index.js:112:28)\n    at Iter.text (D:\\CT_Intern\\tap2pay\\paypal-server\\node_modules\\path-to-regexp\\dist\\index.js:128:30)\n    at consume (D:\\CT_Intern\\tap2pay\\paypal-server\\node_modules\\path-to-regexp\\dist\\index.js:152:29)\n    at parse (D:\\CT_Intern\\tap2pay\\paypal-server\\node_modules\\path-to-regexp\\dist\\index.js:183:20)\n    at D:\\CT_Intern\\tap2pay\\paypal-server\\node_modules\\path-to-regexp\\dist\\index.js:294:74\n    at Array.map (<anonymous>)","os":{"loadavg":[0,0,0],"uptime":713639.562},"process":{"argv":["C:\\Program Files\\nodejs\\node.exe","D:\\CT_Intern\\tap2pay\\paypal-server\\src\\index.js"],"cwd":"D:\\CT_Intern\\tap2pay\\paypal-server","execPath":"C:\\Program Files\\nodejs\\node.exe","gid":null,"memoryUsage":{"arrayBuffers":18263495,"external":20825416,"heapTotal":55406592,"heapUsed":28027368,"rss":78880768},"pid":8824,"uid":null,"version":"v20.18.1"},"stack":"TypeError: Missing parameter name at 1: https://git.new/pathToRegexpError\n    at name (D:\\CT_Intern\\tap2pay\\paypal-server\\node_modules\\path-to-regexp\\dist\\index.js:73:19)\n    at lexer (D:\\CT_Intern\\tap2pay\\paypal-server\\node_modules\\path-to-regexp\\dist\\index.js:91:27)\n    at lexer.next (<anonymous>)\n    at Iter.peek (D:\\CT_Intern\\tap2pay\\paypal-server\\node_modules\\path-to-regexp\\dist\\index.js:106:38)\n    at Iter.tryConsume (D:\\CT_Intern\\tap2pay\\paypal-server\\node_modules\\path-to-regexp\\dist\\index.js:112:28)\n    at Iter.text (D:\\CT_Intern\\tap2pay\\paypal-server\\node_modules\\path-to-regexp\\dist\\index.js:128:30)\n    at consume (D:\\CT_Intern\\tap2pay\\paypal-server\\node_modules\\path-to-regexp\\dist\\index.js:152:29)\n    at parse (D:\\CT_Intern\\tap2pay\\paypal-server\\node_modules\\path-to-regexp\\dist\\index.js:183:20)\n    at D:\\CT_Intern\\tap2pay\\paypal-server\\node_modules\\path-to-regexp\\dist\\index.js:294:74\n    at Array.map (<anonymous>)","timestamp":"2025-07-09T11:03:09.494Z","trace":[{"column":19,"file":"D:\\CT_Intern\\tap2pay\\paypal-server\\node_modules\\path-to-regexp\\dist\\index.js","function":"name","line":73,"method":null,"native":false},{"column":27,"file":"D:\\CT_Intern\\tap2pay\\paypal-server\\node_modules\\path-to-regexp\\dist\\index.js","function":"lexer","line":91,"method":null,"native":false},{"column":null,"file":null,"function":"lexer.next","line":null,"method":"next","native":false},{"column":38,"file":"D:\\CT_Intern\\tap2pay\\paypal-server\\node_modules\\path-to-regexp\\dist\\index.js","function":"Iter.peek","line":106,"method":"peek","native":false},{"column":28,"file":"D:\\CT_Intern\\tap2pay\\paypal-server\\node_modules\\path-to-regexp\\dist\\index.js","function":"Iter.tryConsume","line":112,"method":"tryConsume","native":false},{"column":30,"file":"D:\\CT_Intern\\tap2pay\\paypal-server\\node_modules\\path-to-regexp\\dist\\index.js","function":"Iter.text","line":128,"method":"text","native":false},{"column":29,"file":"D:\\CT_Intern\\tap2pay\\paypal-server\\node_modules\\path-to-regexp\\dist\\index.js","function":"consume","line":152,"method":null,"native":false},{"column":20,"file":"D:\\CT_Intern\\tap2pay\\paypal-server\\node_modules\\path-to-regexp\\dist\\index.js","function":"parse","line":183,"method":null,"native":false},{"column":74,"file":"D:\\CT_Intern\\tap2pay\\paypal-server\\node_modules\\path-to-regexp\\dist\\index.js","function":null,"line":294,"method":null,"native":false},{"column":null,"file":null,"function":"Array.map","line":null,"method":"map","native":false}]}
{"date":"Wed Jul 09 2025 16:33:09 GMT+0530 (India Standard Time)","error":{},"exception":true,"level":"error","message":"uncaughtException: Missing parameter name at 1: https://git.new/pathToRegexpError\nTypeError: Missing parameter name at 1: https://git.new/pathToRegexpError\n    at name (D:\\CT_Intern\\tap2pay\\paypal-server\\node_modules\\path-to-regexp\\dist\\index.js:73:19)\n    at lexer (D:\\CT_Intern\\tap2pay\\paypal-server\\node_modules\\path-to-regexp\\dist\\index.js:91:27)\n    at lexer.next (<anonymous>)\n    at Iter.peek (D:\\CT_Intern\\tap2pay\\paypal-server\\node_modules\\path-to-regexp\\dist\\index.js:106:38)\n    at Iter.tryConsume (D:\\CT_Intern\\tap2pay\\paypal-server\\node_modules\\path-to-regexp\\dist\\index.js:112:28)\n    at Iter.text (D:\\CT_Intern\\tap2pay\\paypal-server\\node_modules\\path-to-regexp\\dist\\index.js:128:30)\n    at consume (D:\\CT_Intern\\tap2pay\\paypal-server\\node_modules\\path-to-regexp\\dist\\index.js:152:29)\n    at parse (D:\\CT_Intern\\tap2pay\\paypal-server\\node_modules\\path-to-regexp\\dist\\index.js:183:20)\n    at D:\\CT_Intern\\tap2pay\\paypal-server\\node_modules\\path-to-regexp\\dist\\index.js:294:74\n    at Array.map (<anonymous>)","os":{"loadavg":[0,0,0],"uptime":713639.562},"process":{"argv":["C:\\Program Files\\nodejs\\node.exe","D:\\CT_Intern\\tap2pay\\paypal-server\\src\\index.js"],"cwd":"D:\\CT_Intern\\tap2pay\\paypal-server","execPath":"C:\\Program Files\\nodejs\\node.exe","gid":null,"memoryUsage":{"arrayBuffers":18263495,"external":20825416,"heapTotal":55406592,"heapUsed":28027368,"rss":78880768},"pid":8824,"uid":null,"version":"v20.18.1"},"stack":"TypeError: Missing parameter name at 1: https://git.new/pathToRegexpError\n    at name (D:\\CT_Intern\\tap2pay\\paypal-server\\node_modules\\path-to-regexp\\dist\\index.js:73:19)\n    at lexer (D:\\CT_Intern\\tap2pay\\paypal-server\\node_modules\\path-to-regexp\\dist\\index.js:91:27)\n    at lexer.next (<anonymous>)\n    at Iter.peek (D:\\CT_Intern\\tap2pay\\paypal-server\\node_modules\\path-to-regexp\\dist\\index.js:106:38)\n    at Iter.tryConsume (D:\\CT_Intern\\tap2pay\\paypal-server\\node_modules\\path-to-regexp\\dist\\index.js:112:28)\n    at Iter.text (D:\\CT_Intern\\tap2pay\\paypal-server\\node_modules\\path-to-regexp\\dist\\index.js:128:30)\n    at consume (D:\\CT_Intern\\tap2pay\\paypal-server\\node_modules\\path-to-regexp\\dist\\index.js:152:29)\n    at parse (D:\\CT_Intern\\tap2pay\\paypal-server\\node_modules\\path-to-regexp\\dist\\index.js:183:20)\n    at D:\\CT_Intern\\tap2pay\\paypal-server\\node_modules\\path-to-regexp\\dist\\index.js:294:74\n    at Array.map (<anonymous>)","trace":[{"column":19,"file":"D:\\CT_Intern\\tap2pay\\paypal-server\\node_modules\\path-to-regexp\\dist\\index.js","function":"name","line":73,"method":null,"native":false},{"column":27,"file":"D:\\CT_Intern\\tap2pay\\paypal-server\\node_modules\\path-to-regexp\\dist\\index.js","function":"lexer","line":91,"method":null,"native":false},{"column":null,"file":null,"function":"lexer.next","line":null,"method":"next","native":false},{"column":38,"file":"D:\\CT_Intern\\tap2pay\\paypal-server\\node_modules\\path-to-regexp\\dist\\index.js","function":"Iter.peek","line":106,"method":"peek","native":false},{"column":28,"file":"D:\\CT_Intern\\tap2pay\\paypal-server\\node_modules\\path-to-regexp\\dist\\index.js","function":"Iter.tryConsume","line":112,"method":"tryConsume","native":false},{"column":30,"file":"D:\\CT_Intern\\tap2pay\\paypal-server\\node_modules\\path-to-regexp\\dist\\index.js","function":"Iter.text","line":128,"method":"text","native":false},{"column":29,"file":"D:\\CT_Intern\\tap2pay\\paypal-server\\node_modules\\path-to-regexp\\dist\\index.js","function":"consume","line":152,"method":null,"native":false},{"column":20,"file":"D:\\CT_Intern\\tap2pay\\paypal-server\\node_modules\\path-to-regexp\\dist\\index.js","function":"parse","line":183,"method":null,"native":false},{"column":74,"file":"D:\\CT_Intern\\tap2pay\\paypal-server\\node_modules\\path-to-regexp\\dist\\index.js","function":null,"line":294,"method":null,"native":false},{"column":null,"file":null,"function":"Array.map","line":null,"method":"map","native":false}]}
{"level":"info","message":"Database connection successful.....","timestamp":"2025-07-09T11:03:56.222Z"}
{"level":"info","message":"Get plans successfully","timestamp":"2025-07-09T11:04:02.013Z"}
{"level":"info","message":"Get purchases successfully","timestamp":"2025-07-09T11:04:02.026Z"}
{"level":"info","message":"Get plans successfully","timestamp":"2025-07-09T11:04:21.361Z"}
{"level":"info","message":"Get purchases successfully","timestamp":"2025-07-09T11:04:21.372Z"}
{"level":"info","message":"Database connection successful.....","timestamp":"2025-07-09T11:05:55.752Z"}
